<?xml version="1.0" encoding="UTF-8"?>
<!-- Generated by org.testng.reporters.JUnitReportReporter -->
<testsuite hostname="HP" failures="0" tests="7" name="Nativeapp.capability" time="20.816" errors="0" timestamp="2023-04-13T13:03:11 IST" skipped="6">
  <testcase classname="Nativeapp.capability" name="sendotp" time="20.816"/>
  <system-out/>
  <testcase classname="Nativeapp.capability" name="notification">
    <skipped/>
  </testcase> <!-- notification -->
  <system-out/>
  <testcase classname="Nativeapp.capability" name="draganddrop">
    <skipped/>
  </testcase> <!-- draganddrop -->
  <system-out/>
  <testcase classname="Nativeapp.capability" name="view">
    <skipped/>
  </testcase> <!-- view -->
  <system-out/>
  <testcase classname="Nativeapp.capability" name="tapandlongpress">
    <skipped/>
  </testcase> <!-- tapandlongpress -->
  <system-out/>
  <testcase classname="Nativeapp.capability" name="swipe">
    <skipped/>
  </testcase> <!-- swipe -->
  <system-out/>
  <testcase classname="Nativeapp.capability" name="prefrences">
    <skipped/>
  </testcase> <!-- prefrences -->
  <system-out/>
</testsuite> <!-- Nativeapp.capability -->
