<?xml version="1.0" encoding="UTF-8"?>
<!-- Generated by org.testng.reporters.JUnitReportReporter -->
<testsuite hostname="HP" failures="0" tests="1" name="hybridapp.generalstore" time="51.679" errors="0" timestamp="2023-04-13T16:32:59 IST" skipped="0">
  <testcase classname="hybridapp.generalstore" name="homepage" time="51.679"/>
  <system-out/>
</testsuite> <!-- hybridapp.generalstore -->
